0 info it worked if it ends with ok
1 verbose cli [ 'C:\\Program Files\\nodejs\\node.exe',
1 verbose cli   'C:\\Users\\Administrator\\AppData\\Roaming\\npm\\node_modules\\npm\\bin\\npm-cli.js',
1 verbose cli   'run',
1 verbose cli   'start' ]
2 info using npm@4.0.5
3 info using node@v6.11.3
4 verbose run-script [ 'prestart', 'start', 'poststart' ]
5 info lifecycle myblog@0.0.0~prestart: myblog@0.0.0
6 silly lifecycle myblog@0.0.0~prestart: no script for prestart, continuing
7 info lifecycle myblog@0.0.0~start: myblog@0.0.0
8 verbose lifecycle myblog@0.0.0~start: unsafe-perm in lifecycle true
9 verbose lifecycle myblog@0.0.0~start: PATH: C:\Users\Administrator\AppData\Roaming\npm\node_modules\npm\bin\node-gyp-bin;E:\mygit\back2\mywebsite\simple2\server\myblog\node_modules\.bin;C:\Users\Administrator\bin;C:\Program Files\Git\mingw64\bin;C:\Program Files\Git\usr\local\bin;C:\Program Files\Git\usr\bin;C:\Program Files\Git\usr\bin;C:\Program Files\Git\mingw64\bin;C:\Program Files\Git\usr\bin;C:\Users\Administrator\bin;C:\Ruby23-x64\bin;C:\windows\system32;C:\windows;C:\windows\System32\Wbem;C:\windows\System32\WindowsPowerShell\v1.0;C:\Program Files (x86)\Enterprise Vault\EVClient;C:\WINDOWS;C:\Program Files\Git\cmd;D:\php\php-7.0.6-nts-Win32-VC14-x64;C:\Users\Administrator\AppData\Roaming\npm\node_modules\arcanist\arcanist\bin;C:\Users\Administrator\AppData\Roaming\npm\node_modules\renren-gsp\bin;C:\Users\Administrator\AppData\Roaming\npm;C:\Program Files\VisualSVN Server\bin;C:\Program Files\TortoiseSVN\bin;C:\Program Files\TortoiseGit\bin;C:\Program Files\PuTTY;C:\Program Files\nodejs;C:\Users\Administrator\AppData\Local\Programs\Fiddler;C:\Program Files\Git\usr\bin\vendor_perl;C:\Program Files\Git\usr\bin\core_perl
10 verbose lifecycle myblog@0.0.0~start: CWD: E:\mygit\back2\mywebsite\simple2\server\myblog
11 silly lifecycle myblog@0.0.0~start: Args: [ '/d /s /c', 'node ./app.js' ]
12 silly lifecycle myblog@0.0.0~start: Returned: code: 1  signal: null
13 info lifecycle myblog@0.0.0~start: Failed to exec start script
14 verbose stack Error: myblog@0.0.0 start: `node ./app.js`
14 verbose stack Exit status 1
14 verbose stack     at EventEmitter.<anonymous> (C:\Users\Administrator\AppData\Roaming\npm\node_modules\npm\lib\utils\lifecycle.js:279:16)
14 verbose stack     at emitTwo (events.js:106:13)
14 verbose stack     at EventEmitter.emit (events.js:191:7)
14 verbose stack     at ChildProcess.<anonymous> (C:\Users\Administrator\AppData\Roaming\npm\node_modules\npm\lib\utils\spawn.js:40:14)
14 verbose stack     at emitTwo (events.js:106:13)
14 verbose stack     at ChildProcess.emit (events.js:191:7)
14 verbose stack     at maybeClose (internal/child_process.js:920:16)
14 verbose stack     at Process.ChildProcess._handle.onexit (internal/child_process.js:230:5)
15 verbose pkgid myblog@0.0.0
16 verbose cwd E:\mygit\back2\mywebsite\simple2\server\myblog
17 error Windows_NT 6.1.7601
18 error argv "C:\\Program Files\\nodejs\\node.exe" "C:\\Users\\Administrator\\AppData\\Roaming\\npm\\node_modules\\npm\\bin\\npm-cli.js" "run" "start"
19 error node v6.11.3
20 error npm  v4.0.5
21 error code ELIFECYCLE
22 error myblog@0.0.0 start: `node ./app.js`
22 error Exit status 1
23 error Failed at the myblog@0.0.0 start script 'node ./app.js'.
23 error Make sure you have the latest version of node.js and npm installed.
23 error If you do, this is most likely a problem with the myblog package,
23 error not with npm itself.
23 error Tell the author that this fails on your system:
23 error     node ./app.js
23 error You can get information on how to open an issue for this project with:
23 error     npm bugs myblog
23 error Or if that isn't available, you can get their info via:
23 error     npm owner ls myblog
23 error There is likely additional logging output above.
24 verbose exit [ 1, true ]
